INFO:root:Loading: Config from config.toml
INFO:root:Loading items from dict_values(['api_data/price_data.json', 'lookup_data/id_to_name.json', 'lookup_data/name_to_id.json'])
INFO:root:Initialising: API settings for https://prices.runescape.wiki/api/v1/osrs
INFO:root:Retrieving prices from API.
DEBUG:urllib3.connectionpool:Starting new HTTPS connection (1): prices.runescape.wiki:443
DEBUG:urllib3.connectionpool:https://prices.runescape.wiki:443 "GET /api/v1/osrs/latest HTTP/1.1" 200 None
INFO:root:Request sent to /latest
WARNING:root:Overwriting file 'api_data/price_data.json'
WARNING:root:Item ID 26247 not found in id_to_name.json
WARNING:root:Item ID 28226 not found in id_to_name.json
WARNING:root:Item ID 28276 not found in id_to_name.json
WARNING:root:Item ID 28295 not found in id_to_name.json
WARNING:root:Item ID 28298 not found in id_to_name.json
WARNING:root:Item ID 28301 not found in id_to_name.json
WARNING:root:Item ID 28304 not found in id_to_name.json
WARNING:root:Item ID 28307 not found in id_to_name.json
WARNING:root:Item ID 28310 not found in id_to_name.json
WARNING:root:Item ID 28313 not found in id_to_name.json
WARNING:root:Item ID 28316 not found in id_to_name.json
WARNING:root:Item ID 28334 not found in id_to_name.json
WARNING:root:Item ID 28338 not found in id_to_name.json
WARNING:root:Item ID 28583 not found in id_to_name.json
WARNING:root:Item ID 28628 not found in id_to_name.json
WARNING:root:Item ID 28644 not found in id_to_name.json
WARNING:root:Item ID 28646 not found in id_to_name.json
WARNING:root:Item ID 28651 not found in id_to_name.json
WARNING:root:Item ID 28653 not found in id_to_name.json
WARNING:root:Item ID 28657 not found in id_to_name.json
WARNING:root:Item ID 28659 not found in id_to_name.json
WARNING:root:Item ID 28665 not found in id_to_name.json
WARNING:root:Item ID 28667 not found in id_to_name.json
WARNING:root:Item ID 28684 not found in id_to_name.json
WARNING:root:Item ID 28690 not found in id_to_name.json
WARNING:root:Item ID 28693 not found in id_to_name.json
WARNING:root:Item ID 28696 not found in id_to_name.json
WARNING:root:Item ID 28699 not found in id_to_name.json
WARNING:root:Item ID 28702 not found in id_to_name.json
WARNING:root:Item ID 28705 not found in id_to_name.json
WARNING:root:Item ID 28708 not found in id_to_name.json
WARNING:root:Item ID 28712 not found in id_to_name.json
WARNING:root:Item ID 28715 not found in id_to_name.json
WARNING:root:Item ID 28718 not found in id_to_name.json
WARNING:root:Item ID 28721 not found in id_to_name.json
WARNING:root:Item ID 28724 not found in id_to_name.json
WARNING:root:Item ID 28727 not found in id_to_name.json
WARNING:root:Item ID 28730 not found in id_to_name.json
WARNING:root:Item ID 28733 not found in id_to_name.json
WARNING:root:Item ID 28736 not found in id_to_name.json
WARNING:root:Item ID 28739 not found in id_to_name.json
WARNING:root:Item ID 28742 not found in id_to_name.json
WARNING:root:Item ID 28745 not found in id_to_name.json
WARNING:root:Item ID 28748 not found in id_to_name.json
WARNING:root:Item ID 28777 not found in id_to_name.json
WARNING:root:Item ID 28780 not found in id_to_name.json
WARNING:root:Item ID 28783 not found in id_to_name.json
WARNING:root:Item ID 28790 not found in id_to_name.json
DEBUG:root:Removing ignored items.
DEBUG:root:Removed 0 ignored items.
INFO:root:Loading: Recipes from lookup_data/recipes.json
WARNING:root:recipeHook: 'Template' has no inputs.
WARNING:root:recipeHook: 'Template' has no outputs.
DEBUG:root:Filtered out 0 invalid recipes.
DEBUG:root:Loaded 38 recipes.
INFO:root:Calculating all recipe price overview.
DEBUG:root:Switching to results/optimal_overview.txt
INFO:root:Writing recipe lookup/s. to results/optimal_overview.txt
